2021-06-16 02:20:14,242 INFO Creating socket tcp://localhost:8000
2021-06-16 02:20:14,251 INFO Closing socket tcp://localhost:8000
2021-06-16 02:20:14,252 INFO supervisord started with pid 17018
2021-06-16 02:20:15,253 INFO Creating socket tcp://localhost:8000
2021-06-16 02:20:15,255 INFO spawnerr: can't find command 'venv/bin/uvicorn'
2021-06-16 02:20:15,256 INFO Closing socket tcp://localhost:8000
2021-06-16 02:20:15,256 INFO Creating socket tcp://localhost:8000
2021-06-16 02:20:15,260 INFO spawnerr: can't find command 'venv/bin/uvicorn'
2021-06-16 02:20:15,260 INFO Closing socket tcp://localhost:8000
2021-06-16 02:20:15,260 INFO Creating socket tcp://localhost:8000
2021-06-16 02:20:15,263 INFO spawnerr: can't find command 'venv/bin/uvicorn'
2021-06-16 02:20:15,263 INFO Closing socket tcp://localhost:8000
2021-06-16 02:20:15,263 INFO Creating socket tcp://localhost:8000
2021-06-16 02:20:15,265 INFO spawnerr: can't find command 'venv/bin/uvicorn'
2021-06-16 02:20:15,265 INFO Closing socket tcp://localhost:8000
2021-06-16 02:20:16,270 INFO Creating socket tcp://localhost:8000
2021-06-16 02:20:16,272 INFO spawnerr: can't find command 'venv/bin/uvicorn'
2021-06-16 02:20:16,272 INFO Closing socket tcp://localhost:8000
2021-06-16 02:20:16,272 INFO Creating socket tcp://localhost:8000
2021-06-16 02:20:16,274 INFO spawnerr: can't find command 'venv/bin/uvicorn'
2021-06-16 02:20:16,274 INFO Closing socket tcp://localhost:8000
2021-06-16 02:20:16,274 INFO Creating socket tcp://localhost:8000
2021-06-16 02:20:16,277 INFO spawnerr: can't find command 'venv/bin/uvicorn'
2021-06-16 02:20:16,277 INFO Closing socket tcp://localhost:8000
2021-06-16 02:20:16,277 INFO Creating socket tcp://localhost:8000
2021-06-16 02:20:16,280 INFO spawnerr: can't find command 'venv/bin/uvicorn'
2021-06-16 02:20:16,280 INFO Closing socket tcp://localhost:8000
2021-06-16 02:20:18,285 INFO Creating socket tcp://localhost:8000
2021-06-16 02:20:18,287 INFO spawnerr: can't find command 'venv/bin/uvicorn'
2021-06-16 02:20:18,287 INFO Closing socket tcp://localhost:8000
2021-06-16 02:20:18,288 INFO Creating socket tcp://localhost:8000
2021-06-16 02:20:18,290 INFO spawnerr: can't find command 'venv/bin/uvicorn'
2021-06-16 02:20:18,290 INFO Closing socket tcp://localhost:8000
2021-06-16 02:20:18,290 INFO Creating socket tcp://localhost:8000
2021-06-16 02:20:18,291 INFO spawnerr: can't find command 'venv/bin/uvicorn'
2021-06-16 02:20:18,292 INFO Closing socket tcp://localhost:8000
2021-06-16 02:20:18,292 INFO Creating socket tcp://localhost:8000
2021-06-16 02:20:18,296 INFO spawnerr: can't find command 'venv/bin/uvicorn'
2021-06-16 02:20:18,297 INFO Closing socket tcp://localhost:8000
2021-06-16 02:20:21,307 INFO Creating socket tcp://localhost:8000
2021-06-16 02:20:21,308 INFO spawnerr: can't find command 'venv/bin/uvicorn'
2021-06-16 02:20:21,309 INFO Closing socket tcp://localhost:8000
2021-06-16 02:20:21,309 INFO gave up: uvicorn-0 entered FATAL state, too many start retries too quickly
2021-06-16 02:20:21,309 INFO Creating socket tcp://localhost:8000
2021-06-16 02:20:21,310 INFO spawnerr: can't find command 'venv/bin/uvicorn'
2021-06-16 02:20:21,310 INFO Closing socket tcp://localhost:8000
2021-06-16 02:20:21,311 INFO gave up: uvicorn-1 entered FATAL state, too many start retries too quickly
2021-06-16 02:20:21,311 INFO Creating socket tcp://localhost:8000
2021-06-16 02:20:21,313 INFO spawnerr: can't find command 'venv/bin/uvicorn'
2021-06-16 02:20:21,313 INFO Closing socket tcp://localhost:8000
2021-06-16 02:20:21,313 INFO gave up: uvicorn-2 entered FATAL state, too many start retries too quickly
2021-06-16 02:20:21,314 INFO Creating socket tcp://localhost:8000
2021-06-16 02:20:21,316 INFO spawnerr: can't find command 'venv/bin/uvicorn'
2021-06-16 02:20:21,317 INFO Closing socket tcp://localhost:8000
2021-06-16 02:20:21,317 INFO gave up: uvicorn-3 entered FATAL state, too many start retries too quickly
2021-06-16 02:25:10,000 WARN received SIGINT indicating exit request
2021-06-16 02:25:16,107 INFO Creating socket tcp://localhost:8000
2021-06-16 02:25:16,111 INFO Closing socket tcp://localhost:8000
2021-06-16 02:25:16,111 INFO supervisord started with pid 17042
2021-06-16 02:25:17,112 INFO Creating socket tcp://localhost:8000
2021-06-16 02:25:17,119 INFO spawnerr: can't find command 'vuvicorn'
2021-06-16 02:25:17,119 INFO Closing socket tcp://localhost:8000
2021-06-16 02:25:17,119 INFO Creating socket tcp://localhost:8000
2021-06-16 02:25:17,122 INFO spawnerr: can't find command 'vuvicorn'
2021-06-16 02:25:17,122 INFO Closing socket tcp://localhost:8000
2021-06-16 02:25:17,122 INFO Creating socket tcp://localhost:8000
2021-06-16 02:25:17,125 INFO spawnerr: can't find command 'vuvicorn'
2021-06-16 02:25:17,125 INFO Closing socket tcp://localhost:8000
2021-06-16 02:25:17,125 INFO Creating socket tcp://localhost:8000
2021-06-16 02:25:17,126 INFO spawnerr: can't find command 'vuvicorn'
2021-06-16 02:25:17,126 INFO Closing socket tcp://localhost:8000
2021-06-16 02:25:18,129 INFO Creating socket tcp://localhost:8000
2021-06-16 02:25:18,131 INFO spawnerr: can't find command 'vuvicorn'
2021-06-16 02:25:18,131 INFO Closing socket tcp://localhost:8000
2021-06-16 02:25:18,131 INFO Creating socket tcp://localhost:8000
2021-06-16 02:25:18,132 INFO spawnerr: can't find command 'vuvicorn'
2021-06-16 02:25:18,133 INFO Closing socket tcp://localhost:8000
2021-06-16 02:25:18,133 INFO Creating socket tcp://localhost:8000
2021-06-16 02:25:18,134 INFO spawnerr: can't find command 'vuvicorn'
2021-06-16 02:25:18,135 INFO Closing socket tcp://localhost:8000
2021-06-16 02:25:18,135 INFO Creating socket tcp://localhost:8000
2021-06-16 02:25:18,136 INFO spawnerr: can't find command 'vuvicorn'
2021-06-16 02:25:18,137 INFO Closing socket tcp://localhost:8000
2021-06-16 02:25:20,147 INFO Creating socket tcp://localhost:8000
2021-06-16 02:25:20,149 INFO spawnerr: can't find command 'vuvicorn'
2021-06-16 02:25:20,149 INFO Closing socket tcp://localhost:8000
2021-06-16 02:25:20,150 INFO Creating socket tcp://localhost:8000
2021-06-16 02:25:20,153 INFO spawnerr: can't find command 'vuvicorn'
2021-06-16 02:25:20,153 INFO Closing socket tcp://localhost:8000
2021-06-16 02:25:20,153 INFO Creating socket tcp://localhost:8000
2021-06-16 02:25:20,155 INFO spawnerr: can't find command 'vuvicorn'
2021-06-16 02:25:20,156 INFO Closing socket tcp://localhost:8000
2021-06-16 02:25:20,156 INFO Creating socket tcp://localhost:8000
2021-06-16 02:25:20,161 INFO spawnerr: can't find command 'vuvicorn'
2021-06-16 02:25:20,162 INFO Closing socket tcp://localhost:8000
2021-06-16 02:25:23,168 INFO Creating socket tcp://localhost:8000
2021-06-16 02:25:23,170 INFO spawnerr: can't find command 'vuvicorn'
2021-06-16 02:25:23,170 INFO Closing socket tcp://localhost:8000
2021-06-16 02:25:23,170 INFO gave up: uvicorn-0 entered FATAL state, too many start retries too quickly
2021-06-16 02:25:23,171 INFO Creating socket tcp://localhost:8000
2021-06-16 02:25:23,174 INFO spawnerr: can't find command 'vuvicorn'
2021-06-16 02:25:23,174 INFO Closing socket tcp://localhost:8000
2021-06-16 02:25:23,174 INFO gave up: uvicorn-1 entered FATAL state, too many start retries too quickly
2021-06-16 02:25:23,174 INFO Creating socket tcp://localhost:8000
2021-06-16 02:25:23,178 INFO spawnerr: can't find command 'vuvicorn'
2021-06-16 02:25:23,178 INFO Closing socket tcp://localhost:8000
2021-06-16 02:25:23,178 INFO gave up: uvicorn-2 entered FATAL state, too many start retries too quickly
2021-06-16 02:25:23,178 INFO Creating socket tcp://localhost:8000
2021-06-16 02:25:23,180 INFO spawnerr: can't find command 'vuvicorn'
2021-06-16 02:25:23,180 INFO Closing socket tcp://localhost:8000
2021-06-16 02:25:23,180 INFO gave up: uvicorn-3 entered FATAL state, too many start retries too quickly
2021-06-16 02:25:37,215 WARN received SIGINT indicating exit request
2021-06-16 02:25:48,650 INFO Creating socket tcp://localhost:8000
2021-06-16 02:25:48,652 INFO Closing socket tcp://localhost:8000
2021-06-16 02:25:48,653 INFO supervisord started with pid 17044
2021-06-16 02:25:49,654 INFO Creating socket tcp://localhost:8000
2021-06-16 02:25:49,659 INFO spawned: 'uvicorn-0' with pid 17045
2021-06-16 02:25:49,666 INFO spawned: 'uvicorn-1' with pid 17046
2021-06-16 02:25:49,673 INFO spawned: 'uvicorn-2' with pid 17047
2021-06-16 02:25:49,682 INFO spawned: 'uvicorn-3' with pid 17048
2021-06-16 02:25:50,685 INFO success: uvicorn-0 entered RUNNING state, process has stayed up for > than 1 seconds (startsecs)
2021-06-16 02:25:50,686 INFO success: uvicorn-1 entered RUNNING state, process has stayed up for > than 1 seconds (startsecs)
2021-06-16 02:25:50,686 INFO success: uvicorn-2 entered RUNNING state, process has stayed up for > than 1 seconds (startsecs)
2021-06-16 02:25:50,686 INFO success: uvicorn-3 entered RUNNING state, process has stayed up for > than 1 seconds (startsecs)
2021-06-16 02:25:54,812 INFO exited: uvicorn-2 (exit status 1; not expected)
2021-06-16 02:25:54,819 INFO spawned: 'uvicorn-2' with pid 17049
2021-06-16 02:25:54,819 INFO exited: uvicorn-1 (exit status 1; not expected)
2021-06-16 02:25:54,820 INFO exited: uvicorn-0 (exit status 1; not expected)
2021-06-16 02:25:55,828 INFO spawned: 'uvicorn-0' with pid 17050
2021-06-16 02:25:55,833 INFO spawned: 'uvicorn-1' with pid 17051
2021-06-16 02:25:55,833 INFO success: uvicorn-2 entered RUNNING state, process has stayed up for > than 1 seconds (startsecs)
2021-06-16 02:25:56,116 INFO exited: uvicorn-2 (exit status 1; not expected)
2021-06-16 02:25:57,119 INFO success: uvicorn-0 entered RUNNING state, process has stayed up for > than 1 seconds (startsecs)
2021-06-16 02:25:57,119 INFO success: uvicorn-1 entered RUNNING state, process has stayed up for > than 1 seconds (startsecs)
2021-06-16 02:25:57,123 INFO spawned: 'uvicorn-2' with pid 17052
2021-06-16 02:25:57,420 INFO exited: uvicorn-1 (exit status 1; not expected)
2021-06-16 02:25:57,428 INFO spawned: 'uvicorn-1' with pid 17053
2021-06-16 02:25:57,428 INFO exited: uvicorn-0 (exit status 1; not expected)
2021-06-16 02:25:58,438 INFO spawned: 'uvicorn-0' with pid 17054
2021-06-16 02:25:58,438 INFO success: uvicorn-1 entered RUNNING state, process has stayed up for > than 1 seconds (startsecs)
2021-06-16 02:25:58,438 INFO success: uvicorn-2 entered RUNNING state, process has stayed up for > than 1 seconds (startsecs)
2021-06-16 02:25:58,750 INFO exited: uvicorn-2 (exit status 1; not expected)
2021-06-16 02:25:58,818 INFO spawned: 'uvicorn-2' with pid 17055
2021-06-16 02:25:59,057 INFO exited: uvicorn-1 (exit status 1; not expected)
2021-06-16 02:25:59,813 INFO success: uvicorn-0 entered RUNNING state, process has stayed up for > than 1 seconds (startsecs)
2021-06-16 02:25:59,818 INFO spawned: 'uvicorn-1' with pid 17056
2021-06-16 02:25:59,819 INFO success: uvicorn-2 entered RUNNING state, process has stayed up for > than 1 seconds (startsecs)
2021-06-16 02:26:00,043 INFO exited: uvicorn-0 (exit status 1; not expected)
2021-06-16 02:26:00,165 INFO spawned: 'uvicorn-0' with pid 17057
2021-06-16 02:26:00,377 INFO exited: uvicorn-2 (exit status 1; not expected)
2021-06-16 02:26:01,180 INFO success: uvicorn-0 entered RUNNING state, process has stayed up for > than 1 seconds (startsecs)
2021-06-16 02:26:01,180 INFO success: uvicorn-1 entered RUNNING state, process has stayed up for > than 1 seconds (startsecs)
2021-06-16 02:26:01,183 INFO spawned: 'uvicorn-2' with pid 17058
2021-06-16 02:26:01,433 INFO exited: uvicorn-1 (exit status 1; not expected)
2021-06-16 02:26:01,547 INFO spawned: 'uvicorn-1' with pid 17059
2021-06-16 02:26:01,779 INFO exited: uvicorn-0 (exit status 1; not expected)
2021-06-16 02:26:02,544 INFO spawned: 'uvicorn-0' with pid 17060
2021-06-16 02:26:02,545 INFO success: uvicorn-2 entered RUNNING state, process has stayed up for > than 1 seconds (startsecs)
2021-06-16 02:26:02,545 INFO success: uvicorn-1 entered RUNNING state, process has stayed up for > than 1 seconds (startsecs)
2021-06-16 02:26:02,764 INFO exited: uvicorn-2 (exit status 1; not expected)
2021-06-16 02:26:02,862 INFO spawned: 'uvicorn-2' with pid 17061
2021-06-16 02:26:03,094 INFO exited: uvicorn-1 (exit status 1; not expected)
2021-06-16 02:26:03,931 INFO success: uvicorn-0 entered RUNNING state, process has stayed up for > than 1 seconds (startsecs)
2021-06-16 02:26:03,933 INFO spawned: 'uvicorn-1' with pid 17062
2021-06-16 02:26:03,933 INFO success: uvicorn-2 entered RUNNING state, process has stayed up for > than 1 seconds (startsecs)
2021-06-16 02:26:04,204 INFO exited: uvicorn-0 (exit status 1; not expected)
2021-06-16 02:26:04,291 INFO spawned: 'uvicorn-0' with pid 17063
2021-06-16 02:26:04,528 INFO exited: uvicorn-2 (exit status 1; not expected)
2021-06-16 02:26:05,343 INFO success: uvicorn-0 entered RUNNING state, process has stayed up for > than 1 seconds (startsecs)
2021-06-16 02:26:05,343 INFO success: uvicorn-1 entered RUNNING state, process has stayed up for > than 1 seconds (startsecs)
2021-06-16 02:26:05,347 INFO spawned: 'uvicorn-2' with pid 17064
2021-06-16 02:26:05,573 INFO exited: uvicorn-1 (exit status 1; not expected)
2021-06-16 02:26:05,651 INFO spawned: 'uvicorn-1' with pid 17065
2021-06-16 02:26:05,875 INFO exited: uvicorn-0 (exit status 1; not expected)
2021-06-16 02:26:06,724 INFO spawned: 'uvicorn-0' with pid 17066
2021-06-16 02:26:06,724 INFO success: uvicorn-1 entered RUNNING state, process has stayed up for > than 1 seconds (startsecs)
2021-06-16 02:26:06,725 INFO success: uvicorn-2 entered RUNNING state, process has stayed up for > than 1 seconds (startsecs)
2021-06-16 02:26:06,954 INFO exited: uvicorn-2 (exit status 1; not expected)
2021-06-16 02:26:07,026 INFO spawned: 'uvicorn-2' with pid 17067
2021-06-16 02:26:07,266 INFO exited: uvicorn-1 (exit status 1; not expected)
2021-06-16 02:26:08,110 INFO success: uvicorn-0 entered RUNNING state, process has stayed up for > than 1 seconds (startsecs)
2021-06-16 02:26:08,113 INFO spawned: 'uvicorn-1' with pid 17068
2021-06-16 02:26:08,114 INFO success: uvicorn-2 entered RUNNING state, process has stayed up for > than 1 seconds (startsecs)
2021-06-16 02:26:08,349 INFO exited: uvicorn-0 (exit status 1; not expected)
2021-06-16 02:26:08,425 INFO spawned: 'uvicorn-0' with pid 17069
2021-06-16 02:26:08,647 INFO exited: uvicorn-2 (exit status 1; not expected)
2021-06-16 02:26:09,497 INFO success: uvicorn-0 entered RUNNING state, process has stayed up for > than 1 seconds (startsecs)
2021-06-16 02:26:09,497 INFO success: uvicorn-1 entered RUNNING state, process has stayed up for > than 1 seconds (startsecs)
2021-06-16 02:26:09,499 INFO spawned: 'uvicorn-2' with pid 17070
2021-06-16 02:26:09,715 INFO exited: uvicorn-1 (exit status 1; not expected)
2021-06-16 02:26:09,806 INFO spawned: 'uvicorn-1' with pid 17071
2021-06-16 02:26:10,019 INFO exited: uvicorn-0 (exit status 1; not expected)
2021-06-16 02:26:10,886 INFO spawned: 'uvicorn-0' with pid 17072
2021-06-16 02:26:10,887 INFO success: uvicorn-1 entered RUNNING state, process has stayed up for > than 1 seconds (startsecs)
2021-06-16 02:26:10,887 INFO success: uvicorn-2 entered RUNNING state, process has stayed up for > than 1 seconds (startsecs)
2021-06-16 02:26:11,092 INFO exited: uvicorn-2 (exit status 1; not expected)
2021-06-16 02:26:11,186 INFO spawned: 'uvicorn-2' with pid 17073
2021-06-16 02:26:11,425 INFO exited: uvicorn-1 (exit status 1; not expected)
2021-06-16 02:26:12,265 INFO success: uvicorn-0 entered RUNNING state, process has stayed up for > than 1 seconds (startsecs)
2021-06-16 02:26:12,267 INFO spawned: 'uvicorn-1' with pid 17074
2021-06-16 02:26:12,268 INFO success: uvicorn-2 entered RUNNING state, process has stayed up for > than 1 seconds (startsecs)
2021-06-16 02:26:12,497 INFO exited: uvicorn-0 (exit status 1; not expected)
2021-06-16 02:26:12,582 INFO spawned: 'uvicorn-0' with pid 17075
2021-06-16 02:26:12,820 INFO exited: uvicorn-2 (exit status 1; not expected)
2021-06-16 02:26:13,686 INFO success: uvicorn-0 entered RUNNING state, process has stayed up for > than 1 seconds (startsecs)
2021-06-16 02:26:13,686 INFO success: uvicorn-1 entered RUNNING state, process has stayed up for > than 1 seconds (startsecs)
2021-06-16 02:26:13,688 INFO spawned: 'uvicorn-2' with pid 17076
2021-06-16 02:26:13,941 INFO exited: uvicorn-1 (exit status 1; not expected)
2021-06-16 02:26:14,019 INFO spawned: 'uvicorn-1' with pid 17077
2021-06-16 02:26:14,233 INFO exited: uvicorn-0 (exit status 1; not expected)
2021-06-16 02:26:15,080 INFO spawned: 'uvicorn-0' with pid 17079
2021-06-16 02:26:15,081 INFO success: uvicorn-1 entered RUNNING state, process has stayed up for > than 1 seconds (startsecs)
2021-06-16 02:26:15,081 INFO success: uvicorn-2 entered RUNNING state, process has stayed up for > than 1 seconds (startsecs)
2021-06-16 02:26:15,295 INFO exited: uvicorn-2 (exit status 1; not expected)
2021-06-16 02:26:15,393 INFO spawned: 'uvicorn-2' with pid 17080
2021-06-16 02:26:15,659 INFO exited: uvicorn-1 (exit status 1; not expected)
2021-06-16 02:26:16,427 INFO success: uvicorn-0 entered RUNNING state, process has stayed up for > than 1 seconds (startsecs)
2021-06-16 02:26:16,430 INFO spawned: 'uvicorn-1' with pid 17081
2021-06-16 02:26:16,430 INFO success: uvicorn-2 entered RUNNING state, process has stayed up for > than 1 seconds (startsecs)
2021-06-16 02:26:16,667 INFO exited: uvicorn-0 (exit status 1; not expected)
2021-06-16 02:26:16,735 INFO spawned: 'uvicorn-0' with pid 17082
2021-06-16 02:26:16,959 INFO exited: uvicorn-2 (exit status 1; not expected)
2021-06-16 02:26:17,784 INFO success: uvicorn-0 entered RUNNING state, process has stayed up for > than 1 seconds (startsecs)
2021-06-16 02:26:17,785 INFO success: uvicorn-1 entered RUNNING state, process has stayed up for > than 1 seconds (startsecs)
2021-06-16 02:26:17,798 INFO spawned: 'uvicorn-2' with pid 17083
2021-06-16 02:26:18,035 INFO exited: uvicorn-1 (exit status 1; not expected)
2021-06-16 02:26:18,072 INFO spawned: 'uvicorn-1' with pid 17084
2021-06-16 02:26:18,300 INFO exited: uvicorn-0 (exit status 1; not expected)
2021-06-16 02:26:19,157 INFO spawned: 'uvicorn-0' with pid 17085
2021-06-16 02:26:19,158 INFO success: uvicorn-1 entered RUNNING state, process has stayed up for > than 1 seconds (startsecs)
2021-06-16 02:26:19,158 INFO success: uvicorn-2 entered RUNNING state, process has stayed up for > than 1 seconds (startsecs)
2021-06-16 02:26:19,382 INFO exited: uvicorn-2 (exit status 1; not expected)
2021-06-16 02:26:19,462 INFO spawned: 'uvicorn-2' with pid 17086
2021-06-16 02:26:19,680 INFO exited: uvicorn-1 (exit status 1; not expected)
2021-06-16 02:26:20,466 INFO success: uvicorn-0 entered RUNNING state, process has stayed up for > than 1 seconds (startsecs)
2021-06-16 02:26:20,469 INFO spawned: 'uvicorn-1' with pid 17087
2021-06-16 02:26:20,470 INFO success: uvicorn-2 entered RUNNING state, process has stayed up for > than 1 seconds (startsecs)
2021-06-16 02:26:20,683 INFO exited: uvicorn-0 (exit status 1; not expected)
2021-06-16 02:26:20,774 INFO spawned: 'uvicorn-0' with pid 17088
2021-06-16 02:26:21,009 INFO exited: uvicorn-2 (exit status 1; not expected)
2021-06-16 02:26:21,827 INFO success: uvicorn-0 entered RUNNING state, process has stayed up for > than 1 seconds (startsecs)
2021-06-16 02:26:21,827 INFO success: uvicorn-1 entered RUNNING state, process has stayed up for > than 1 seconds (startsecs)
2021-06-16 02:26:21,829 INFO spawned: 'uvicorn-2' with pid 17089
2021-06-16 02:26:22,050 INFO exited: uvicorn-1 (exit status 1; not expected)
2021-06-16 02:26:22,146 INFO spawned: 'uvicorn-1' with pid 17090
2021-06-16 02:26:22,348 INFO exited: uvicorn-0 (exit status 1; not expected)
2021-06-16 02:26:23,212 INFO spawned: 'uvicorn-0' with pid 17091
2021-06-16 02:26:23,213 INFO success: uvicorn-1 entered RUNNING state, process has stayed up for > than 1 seconds (startsecs)
2021-06-16 02:26:23,213 INFO success: uvicorn-2 entered RUNNING state, process has stayed up for > than 1 seconds (startsecs)
2021-06-16 02:26:23,467 INFO exited: uvicorn-2 (exit status 1; not expected)
2021-06-16 02:26:23,540 INFO spawned: 'uvicorn-2' with pid 17092
2021-06-16 02:26:23,798 INFO exited: uvicorn-1 (exit status 1; not expected)
2021-06-16 02:26:24,647 INFO success: uvicorn-0 entered RUNNING state, process has stayed up for > than 1 seconds (startsecs)
2021-06-16 02:26:24,651 INFO spawned: 'uvicorn-1' with pid 17093
2021-06-16 02:26:24,651 INFO success: uvicorn-2 entered RUNNING state, process has stayed up for > than 1 seconds (startsecs)
2021-06-16 02:26:24,912 INFO exited: uvicorn-0 (exit status 1; not expected)
2021-06-16 02:26:24,989 INFO spawned: 'uvicorn-0' with pid 17094
2021-06-16 02:26:25,239 INFO exited: uvicorn-2 (exit status 1; not expected)
2021-06-16 02:26:26,117 INFO success: uvicorn-0 entered RUNNING state, process has stayed up for > than 1 seconds (startsecs)
2021-06-16 02:26:26,117 INFO success: uvicorn-1 entered RUNNING state, process has stayed up for > than 1 seconds (startsecs)
2021-06-16 02:26:26,119 INFO spawned: 'uvicorn-2' with pid 17095
2021-06-16 02:26:26,353 INFO exited: uvicorn-1 (exit status 1; not expected)
2021-06-16 02:26:26,388 INFO spawned: 'uvicorn-1' with pid 17096
2021-06-16 02:26:26,637 INFO exited: uvicorn-0 (exit status 1; not expected)
2021-06-16 02:26:27,620 INFO spawned: 'uvicorn-0' with pid 17097
2021-06-16 02:26:27,621 INFO success: uvicorn-1 entered RUNNING state, process has stayed up for > than 1 seconds (startsecs)
2021-06-16 02:26:27,621 INFO success: uvicorn-2 entered RUNNING state, process has stayed up for > than 1 seconds (startsecs)
2021-06-16 02:26:27,859 INFO exited: uvicorn-2 (exit status 1; not expected)
2021-06-16 02:26:27,930 INFO spawned: 'uvicorn-2' with pid 17098
2021-06-16 02:26:28,164 INFO exited: uvicorn-1 (exit status 1; not expected)
2021-06-16 02:26:28,988 INFO success: uvicorn-0 entered RUNNING state, process has stayed up for > than 1 seconds (startsecs)
2021-06-16 02:26:28,992 INFO spawned: 'uvicorn-1' with pid 17099
2021-06-16 02:26:28,992 INFO success: uvicorn-2 entered RUNNING state, process has stayed up for > than 1 seconds (startsecs)
2021-06-16 02:26:29,227 INFO exited: uvicorn-0 (exit status 1; not expected)
2021-06-16 02:26:29,306 INFO spawned: 'uvicorn-0' with pid 17100
2021-06-16 02:26:29,543 INFO exited: uvicorn-2 (exit status 1; not expected)
2021-06-16 02:26:30,353 INFO success: uvicorn-0 entered RUNNING state, process has stayed up for > than 1 seconds (startsecs)
2021-06-16 02:26:30,353 INFO success: uvicorn-1 entered RUNNING state, process has stayed up for > than 1 seconds (startsecs)
2021-06-16 02:26:30,357 INFO spawned: 'uvicorn-2' with pid 17101
2021-06-16 02:26:30,603 INFO exited: uvicorn-1 (exit status 1; not expected)
2021-06-16 02:26:30,664 INFO spawned: 'uvicorn-1' with pid 17102
2021-06-16 02:26:30,882 INFO exited: uvicorn-0 (exit status 1; not expected)
2021-06-16 02:26:31,727 INFO spawned: 'uvicorn-0' with pid 17103
2021-06-16 02:26:31,728 INFO success: uvicorn-1 entered RUNNING state, process has stayed up for > than 1 seconds (startsecs)
2021-06-16 02:26:31,728 INFO success: uvicorn-2 entered RUNNING state, process has stayed up for > than 1 seconds (startsecs)
2021-06-16 02:26:31,940 INFO exited: uvicorn-2 (exit status 1; not expected)
2021-06-16 02:26:31,987 INFO spawned: 'uvicorn-2' with pid 17104
2021-06-16 02:26:32,214 INFO exited: uvicorn-1 (exit status 1; not expected)
2021-06-16 02:26:33,065 INFO success: uvicorn-0 entered RUNNING state, process has stayed up for > than 1 seconds (startsecs)
2021-06-16 02:26:33,068 INFO spawned: 'uvicorn-1' with pid 17105
2021-06-16 02:26:33,069 INFO success: uvicorn-2 entered RUNNING state, process has stayed up for > than 1 seconds (startsecs)
2021-06-16 02:26:33,321 INFO exited: uvicorn-0 (exit status 1; not expected)
2021-06-16 02:26:33,365 INFO spawned: 'uvicorn-0' with pid 17106
2021-06-16 02:26:33,611 INFO exited: uvicorn-2 (exit status 1; not expected)
2021-06-16 02:26:34,419 INFO success: uvicorn-0 entered RUNNING state, process has stayed up for > than 1 seconds (startsecs)
2021-06-16 02:26:34,419 INFO success: uvicorn-1 entered RUNNING state, process has stayed up for > than 1 seconds (startsecs)
2021-06-16 02:26:34,422 INFO spawned: 'uvicorn-2' with pid 17107
2021-06-16 02:26:34,640 INFO exited: uvicorn-1 (exit status 1; not expected)
2021-06-16 02:26:34,717 INFO spawned: 'uvicorn-1' with pid 17108
2021-06-16 02:26:34,930 INFO exited: uvicorn-0 (exit status 1; not expected)
2021-06-16 02:26:35,788 INFO spawned: 'uvicorn-0' with pid 17109
2021-06-16 02:26:35,789 INFO success: uvicorn-1 entered RUNNING state, process has stayed up for > than 1 seconds (startsecs)
2021-06-16 02:26:35,789 INFO success: uvicorn-2 entered RUNNING state, process has stayed up for > than 1 seconds (startsecs)
2021-06-16 02:26:36,006 INFO exited: uvicorn-2 (exit status 1; not expected)
2021-06-16 02:26:36,097 INFO spawned: 'uvicorn-2' with pid 17110
2021-06-16 02:26:36,359 INFO exited: uvicorn-1 (exit status 1; not expected)
2021-06-16 02:26:37,294 INFO success: uvicorn-0 entered RUNNING state, process has stayed up for > than 1 seconds (startsecs)
2021-06-16 02:26:37,297 INFO spawned: 'uvicorn-1' with pid 17111
2021-06-16 02:26:37,298 INFO success: uvicorn-2 entered RUNNING state, process has stayed up for > than 1 seconds (startsecs)
2021-06-16 02:26:37,534 INFO exited: uvicorn-0 (exit status 1; not expected)
2021-06-16 02:26:37,625 INFO spawned: 'uvicorn-0' with pid 17112
2021-06-16 02:26:37,831 INFO exited: uvicorn-2 (exit status 1; not expected)
2021-06-16 02:26:38,702 INFO success: uvicorn-0 entered RUNNING state, process has stayed up for > than 1 seconds (startsecs)
2021-06-16 02:26:38,702 INFO success: uvicorn-1 entered RUNNING state, process has stayed up for > than 1 seconds (startsecs)
2021-06-16 02:26:38,705 INFO spawned: 'uvicorn-2' with pid 17113
2021-06-16 02:26:38,947 INFO exited: uvicorn-1 (exit status 1; not expected)
2021-06-16 02:26:39,015 INFO spawned: 'uvicorn-1' with pid 17114
2021-06-16 02:26:39,256 INFO exited: uvicorn-0 (exit status 1; not expected)
2021-06-16 02:26:40,097 INFO spawned: 'uvicorn-0' with pid 17115
2021-06-16 02:26:40,098 INFO success: uvicorn-1 entered RUNNING state, process has stayed up for > than 1 seconds (startsecs)
2021-06-16 02:26:40,098 INFO success: uvicorn-2 entered RUNNING state, process has stayed up for > than 1 seconds (startsecs)
2021-06-16 02:26:40,331 INFO exited: uvicorn-2 (exit status 1; not expected)
2021-06-16 02:26:40,415 INFO spawned: 'uvicorn-2' with pid 17116
2021-06-16 02:26:40,634 INFO exited: uvicorn-1 (exit status 1; not expected)
2021-06-16 02:26:41,443 INFO success: uvicorn-0 entered RUNNING state, process has stayed up for > than 1 seconds (startsecs)
2021-06-16 02:26:41,446 INFO spawned: 'uvicorn-1' with pid 17117
2021-06-16 02:26:41,446 INFO success: uvicorn-2 entered RUNNING state, process has stayed up for > than 1 seconds (startsecs)
2021-06-16 02:26:41,655 INFO exited: uvicorn-0 (exit status 1; not expected)
2021-06-16 02:26:41,763 INFO spawned: 'uvicorn-0' with pid 17118
2021-06-16 02:26:41,983 INFO exited: uvicorn-2 (exit status 1; not expected)
2021-06-16 02:26:42,779 INFO success: uvicorn-0 entered RUNNING state, process has stayed up for > than 1 seconds (startsecs)
2021-06-16 02:26:42,779 INFO success: uvicorn-1 entered RUNNING state, process has stayed up for > than 1 seconds (startsecs)
2021-06-16 02:26:42,783 INFO spawned: 'uvicorn-2' with pid 17119
2021-06-16 02:26:43,036 INFO exited: uvicorn-1 (exit status 1; not expected)
2021-06-16 02:26:43,141 INFO spawned: 'uvicorn-1' with pid 17120
2021-06-16 02:26:43,401 INFO exited: uvicorn-0 (exit status 1; not expected)
2021-06-16 02:26:43,401 WARN received SIGINT indicating exit request
2021-06-16 02:26:43,402 INFO waiting for uvicorn-1, uvicorn-2, uvicorn-3 to die
2021-06-16 02:26:43,405 INFO stopped: uvicorn-1 (terminated by SIGTERM)
2021-06-16 02:26:43,407 INFO stopped: uvicorn-2 (terminated by SIGTERM)
2021-06-16 02:26:43,704 INFO stopped: uvicorn-3 (exit status 0)
2021-06-16 02:26:43,704 INFO Closing socket tcp://localhost:8000
2021-06-16 02:28:32,394 INFO Creating socket tcp://localhost:8000
2021-06-16 02:28:32,397 INFO Closing socket tcp://localhost:8000
2021-06-16 02:28:32,397 INFO supervisord started with pid 17146
2021-06-16 02:28:33,398 INFO Creating socket tcp://localhost:8000
2021-06-16 02:28:33,405 INFO spawned: 'uvicorn-0' with pid 17147
2021-06-16 02:28:33,414 INFO spawned: 'uvicorn-1' with pid 17148
2021-06-16 02:28:33,429 INFO spawned: 'uvicorn-2' with pid 17149
2021-06-16 02:28:33,443 INFO spawned: 'uvicorn-3' with pid 17150
2021-06-16 02:28:34,448 INFO success: uvicorn-0 entered RUNNING state, process has stayed up for > than 1 seconds (startsecs)
2021-06-16 02:28:34,448 INFO success: uvicorn-1 entered RUNNING state, process has stayed up for > than 1 seconds (startsecs)
2021-06-16 02:28:34,448 INFO success: uvicorn-2 entered RUNNING state, process has stayed up for > than 1 seconds (startsecs)
2021-06-16 02:28:34,449 INFO success: uvicorn-3 entered RUNNING state, process has stayed up for > than 1 seconds (startsecs)
2021-06-16 02:28:36,428 INFO exited: uvicorn-2 (exit status 1; not expected)
2021-06-16 02:28:36,437 INFO spawned: 'uvicorn-2' with pid 17151
2021-06-16 02:28:36,438 INFO exited: uvicorn-1 (exit status 1; not expected)
2021-06-16 02:28:36,449 INFO spawned: 'uvicorn-1' with pid 17152
2021-06-16 02:28:36,451 INFO exited: uvicorn-3 (exit status 1; not expected)
2021-06-16 02:28:37,453 INFO success: uvicorn-1 entered RUNNING state, process has stayed up for > than 1 seconds (startsecs)
2021-06-16 02:28:37,454 INFO success: uvicorn-2 entered RUNNING state, process has stayed up for > than 1 seconds (startsecs)
2021-06-16 02:28:37,462 INFO spawned: 'uvicorn-3' with pid 17153
2021-06-16 02:28:38,473 INFO success: uvicorn-3 entered RUNNING state, process has stayed up for > than 1 seconds (startsecs)
2021-06-16 02:28:38,473 INFO exited: uvicorn-1 (exit status 1; not expected)
2021-06-16 02:28:38,473 INFO exited: uvicorn-2 (exit status 1; not expected)
2021-06-16 02:28:38,984 INFO spawned: 'uvicorn-1' with pid 17154
2021-06-16 02:28:38,988 INFO spawned: 'uvicorn-2' with pid 17155
2021-06-16 02:28:39,208 INFO exited: uvicorn-3 (exit status 1; not expected)
2021-06-16 02:28:40,211 INFO success: uvicorn-1 entered RUNNING state, process has stayed up for > than 1 seconds (startsecs)
2021-06-16 02:28:40,211 INFO success: uvicorn-2 entered RUNNING state, process has stayed up for > than 1 seconds (startsecs)
2021-06-16 02:28:40,220 INFO spawned: 'uvicorn-3' with pid 17156
2021-06-16 02:28:40,659 INFO exited: uvicorn-1 (exit status 1; not expected)
2021-06-16 02:28:40,680 INFO spawned: 'uvicorn-1' with pid 17157
2021-06-16 02:28:40,681 INFO exited: uvicorn-2 (exit status 1; not expected)
2021-06-16 02:28:41,684 INFO success: uvicorn-1 entered RUNNING state, process has stayed up for > than 1 seconds (startsecs)
2021-06-16 02:28:41,688 INFO spawned: 'uvicorn-2' with pid 17158
2021-06-16 02:28:41,689 INFO success: uvicorn-3 entered RUNNING state, process has stayed up for > than 1 seconds (startsecs)
2021-06-16 02:28:41,909 INFO exited: uvicorn-3 (exit status 1; not expected)
2021-06-16 02:28:42,135 INFO spawned: 'uvicorn-3' with pid 17159
2021-06-16 02:28:42,358 INFO exited: uvicorn-1 (exit status 1; not expected)
2021-06-16 02:28:43,363 INFO spawned: 'uvicorn-1' with pid 17162
2021-06-16 02:28:43,366 INFO success: uvicorn-2 entered RUNNING state, process has stayed up for > than 1 seconds (startsecs)
2021-06-16 02:28:43,366 INFO success: uvicorn-3 entered RUNNING state, process has stayed up for > than 1 seconds (startsecs)
2021-06-16 02:28:43,980 INFO exited: uvicorn-2 (exit status 1; not expected)
2021-06-16 02:28:44,235 INFO spawned: 'uvicorn-2' with pid 17164
2021-06-16 02:28:44,441 INFO success: uvicorn-1 entered RUNNING state, process has stayed up for > than 1 seconds (startsecs)
2021-06-16 02:28:44,441 INFO exited: uvicorn-3 (exit status 1; not expected)
2021-06-16 02:28:45,040 INFO spawned: 'uvicorn-3' with pid 17165
2021-06-16 02:28:45,249 INFO success: uvicorn-2 entered RUNNING state, process has stayed up for > than 1 seconds (startsecs)
2021-06-16 02:28:45,249 INFO exited: uvicorn-1 (exit status 1; not expected)
2021-06-16 02:28:45,559 INFO spawned: 'uvicorn-1' with pid 17166
2021-06-16 02:28:45,758 INFO exited: uvicorn-2 (exit status 1; not expected)
2021-06-16 02:28:46,372 INFO spawned: 'uvicorn-2' with pid 17167
2021-06-16 02:28:46,373 INFO success: uvicorn-3 entered RUNNING state, process has stayed up for > than 1 seconds (startsecs)
2021-06-16 02:28:46,568 INFO success: uvicorn-1 entered RUNNING state, process has stayed up for > than 1 seconds (startsecs)
2021-06-16 02:28:46,568 INFO exited: uvicorn-3 (exit status 1; not expected)
2021-06-16 02:28:46,923 INFO spawned: 'uvicorn-3' with pid 17168
2021-06-16 02:28:47,176 INFO exited: uvicorn-1 (exit status 1; not expected)
2021-06-16 02:28:47,842 INFO spawned: 'uvicorn-1' with pid 17170
2021-06-16 02:28:47,843 INFO success: uvicorn-2 entered RUNNING state, process has stayed up for > than 1 seconds (startsecs)
2021-06-16 02:28:48,048 INFO success: uvicorn-3 entered RUNNING state, process has stayed up for > than 1 seconds (startsecs)
2021-06-16 02:28:48,048 INFO exited: uvicorn-2 (exit status 1; not expected)
2021-06-16 02:28:48,416 INFO spawned: 'uvicorn-2' with pid 17171
2021-06-16 02:28:48,646 INFO exited: uvicorn-3 (exit status 1; not expected)
2021-06-16 02:28:49,250 INFO success: uvicorn-1 entered RUNNING state, process has stayed up for > than 1 seconds (startsecs)
2021-06-16 02:28:49,254 INFO spawned: 'uvicorn-3' with pid 17172
2021-06-16 02:28:49,460 INFO success: uvicorn-2 entered RUNNING state, process has stayed up for > than 1 seconds (startsecs)
2021-06-16 02:28:49,461 INFO exited: uvicorn-1 (exit status 1; not expected)
2021-06-16 02:28:49,868 INFO spawned: 'uvicorn-1' with pid 17173
2021-06-16 02:28:50,080 INFO exited: uvicorn-2 (exit status 1; not expected)
2021-06-16 02:28:50,674 INFO spawned: 'uvicorn-2' with pid 17174
2021-06-16 02:28:50,675 INFO success: uvicorn-3 entered RUNNING state, process has stayed up for > than 1 seconds (startsecs)
2021-06-16 02:28:50,881 INFO success: uvicorn-1 entered RUNNING state, process has stayed up for > than 1 seconds (startsecs)
2021-06-16 02:28:50,881 INFO exited: uvicorn-3 (exit status 1; not expected)
2021-06-16 02:28:51,264 INFO spawned: 'uvicorn-3' with pid 17175
2021-06-16 02:28:51,466 INFO exited: uvicorn-1 (exit status 1; not expected)
2021-06-16 02:28:52,156 INFO spawned: 'uvicorn-1' with pid 17176
2021-06-16 02:28:52,156 INFO success: uvicorn-2 entered RUNNING state, process has stayed up for > than 1 seconds (startsecs)
2021-06-16 02:28:52,367 INFO success: uvicorn-3 entered RUNNING state, process has stayed up for > than 1 seconds (startsecs)
2021-06-16 02:28:52,368 INFO exited: uvicorn-2 (exit status 1; not expected)
2021-06-16 02:28:52,756 INFO spawned: 'uvicorn-2' with pid 17177
2021-06-16 02:28:52,965 INFO exited: uvicorn-3 (exit status 1; not expected)
2021-06-16 02:28:53,570 INFO success: uvicorn-1 entered RUNNING state, process has stayed up for > than 1 seconds (startsecs)
2021-06-16 02:28:53,573 INFO spawned: 'uvicorn-3' with pid 17178
2021-06-16 02:28:53,780 INFO success: uvicorn-2 entered RUNNING state, process has stayed up for > than 1 seconds (startsecs)
2021-06-16 02:28:53,781 INFO exited: uvicorn-1 (exit status 1; not expected)
2021-06-16 02:28:54,166 INFO spawned: 'uvicorn-1' with pid 17179
2021-06-16 02:28:54,383 INFO exited: uvicorn-2 (exit status 1; not expected)
2021-06-16 02:28:55,123 INFO spawned: 'uvicorn-2' with pid 17180
2021-06-16 02:28:55,125 INFO success: uvicorn-3 entered RUNNING state, process has stayed up for > than 1 seconds (startsecs)
2021-06-16 02:28:55,365 INFO success: uvicorn-1 entered RUNNING state, process has stayed up for > than 1 seconds (startsecs)
2021-06-16 02:28:55,366 INFO exited: uvicorn-3 (exit status 1; not expected)
2021-06-16 02:28:55,756 INFO spawned: 'uvicorn-3' with pid 17181
2021-06-16 02:28:55,974 INFO exited: uvicorn-1 (exit status 1; not expected)
2021-06-16 02:28:56,764 INFO spawned: 'uvicorn-1' with pid 17182
2021-06-16 02:28:56,765 INFO success: uvicorn-2 entered RUNNING state, process has stayed up for > than 1 seconds (startsecs)
2021-06-16 02:28:56,766 INFO success: uvicorn-3 entered RUNNING state, process has stayed up for > than 1 seconds (startsecs)
2021-06-16 02:28:56,990 INFO exited: uvicorn-2 (exit status 1; not expected)
2021-06-16 02:28:57,409 INFO spawned: 'uvicorn-2' with pid 17183
2021-06-16 02:28:57,684 INFO exited: uvicorn-3 (exit status 1; not expected)
2021-06-16 02:28:58,383 INFO success: uvicorn-1 entered RUNNING state, process has stayed up for > than 1 seconds (startsecs)
2021-06-16 02:28:58,386 INFO spawned: 'uvicorn-3' with pid 17184
2021-06-16 02:28:58,770 INFO success: uvicorn-2 entered RUNNING state, process has stayed up for > than 1 seconds (startsecs)
2021-06-16 02:28:58,771 INFO exited: uvicorn-1 (exit status 1; not expected)
2021-06-16 02:28:59,145 INFO spawned: 'uvicorn-1' with pid 17185
2021-06-16 02:28:59,356 INFO exited: uvicorn-2 (exit status 1; not expected)
2021-06-16 02:28:59,970 INFO spawned: 'uvicorn-2' with pid 17186
2021-06-16 02:28:59,971 INFO success: uvicorn-3 entered RUNNING state, process has stayed up for > than 1 seconds (startsecs)
2021-06-16 02:29:00,188 INFO success: uvicorn-1 entered RUNNING state, process has stayed up for > than 1 seconds (startsecs)
2021-06-16 02:29:00,188 INFO exited: uvicorn-3 (exit status 1; not expected)
2021-06-16 02:29:00,549 INFO spawned: 'uvicorn-3' with pid 17187
2021-06-16 02:29:00,777 INFO exited: uvicorn-1 (exit status 1; not expected)
2021-06-16 02:29:01,393 INFO spawned: 'uvicorn-1' with pid 17188
2021-06-16 02:29:01,394 INFO success: uvicorn-2 entered RUNNING state, process has stayed up for > than 1 seconds (startsecs)
2021-06-16 02:29:01,599 INFO success: uvicorn-3 entered RUNNING state, process has stayed up for > than 1 seconds (startsecs)
2021-06-16 02:29:01,600 INFO exited: uvicorn-2 (exit status 1; not expected)
2021-06-16 02:29:01,966 INFO spawned: 'uvicorn-2' with pid 17189
2021-06-16 02:29:02,231 INFO exited: uvicorn-3 (exit status 1; not expected)
2021-06-16 02:29:03,052 INFO success: uvicorn-1 entered RUNNING state, process has stayed up for > than 1 seconds (startsecs)
2021-06-16 02:29:03,053 INFO success: uvicorn-2 entered RUNNING state, process has stayed up for > than 1 seconds (startsecs)
2021-06-16 02:29:03,059 INFO spawned: 'uvicorn-3' with pid 17192
2021-06-16 02:29:03,317 INFO exited: uvicorn-1 (exit status 1; not expected)
2021-06-16 02:29:03,773 INFO spawned: 'uvicorn-1' with pid 17195
2021-06-16 02:29:04,054 INFO success: uvicorn-3 entered RUNNING state, process has stayed up for > than 1 seconds (startsecs)
2021-06-16 02:29:04,055 INFO exited: uvicorn-2 (exit status 1; not expected)
2021-06-16 02:29:04,731 INFO spawned: 'uvicorn-2' with pid 17196
2021-06-16 02:29:04,948 INFO success: uvicorn-1 entered RUNNING state, process has stayed up for > than 1 seconds (startsecs)
2021-06-16 02:29:04,948 INFO exited: uvicorn-3 (exit status 1; not expected)
2021-06-16 02:29:05,305 INFO spawned: 'uvicorn-3' with pid 17197
2021-06-16 02:29:05,609 INFO exited: uvicorn-1 (exit status 1; not expected)
2021-06-16 02:29:06,431 INFO spawned: 'uvicorn-1' with pid 17198
2021-06-16 02:29:06,432 INFO success: uvicorn-2 entered RUNNING state, process has stayed up for > than 1 seconds (startsecs)
2021-06-16 02:29:06,432 INFO success: uvicorn-3 entered RUNNING state, process has stayed up for > than 1 seconds (startsecs)
2021-06-16 02:29:06,970 INFO exited: uvicorn-2 (exit status 1; not expected)
2021-06-16 02:29:07,953 INFO success: uvicorn-1 entered RUNNING state, process has stayed up for > than 1 seconds (startsecs)
2021-06-16 02:29:07,957 INFO spawned: 'uvicorn-2' with pid 17204
2021-06-16 02:29:08,185 INFO exited: uvicorn-3 (exit status 1; not expected)
2021-06-16 02:29:08,847 INFO spawned: 'uvicorn-3' with pid 17205
2021-06-16 02:29:09,179 INFO success: uvicorn-2 entered RUNNING state, process has stayed up for > than 1 seconds (startsecs)
2021-06-16 02:29:09,180 INFO exited: uvicorn-1 (exit status 1; not expected)
2021-06-16 02:29:09,720 INFO spawned: 'uvicorn-1' with pid 17206
2021-06-16 02:29:09,985 INFO success: uvicorn-3 entered RUNNING state, process has stayed up for > than 1 seconds (startsecs)
2021-06-16 02:29:09,985 INFO exited: uvicorn-2 (exit status 1; not expected)
2021-06-16 02:29:10,735 INFO success: uvicorn-1 entered RUNNING state, process has stayed up for > than 1 seconds (startsecs)
2021-06-16 02:29:10,737 INFO spawned: 'uvicorn-2' with pid 17207
2021-06-16 02:29:11,014 INFO exited: uvicorn-3 (exit status 1; not expected)
2021-06-16 02:29:11,536 INFO spawned: 'uvicorn-3' with pid 17208
2021-06-16 02:29:11,754 INFO success: uvicorn-2 entered RUNNING state, process has stayed up for > than 1 seconds (startsecs)
2021-06-16 02:29:11,754 INFO exited: uvicorn-1 (exit status 1; not expected)
2021-06-16 02:29:12,403 INFO spawned: 'uvicorn-1' with pid 17209
2021-06-16 02:29:12,620 INFO success: uvicorn-3 entered RUNNING state, process has stayed up for > than 1 seconds (startsecs)
2021-06-16 02:29:12,621 INFO exited: uvicorn-2 (exit status 1; not expected)
2021-06-16 02:29:13,389 INFO spawned: 'uvicorn-2' with pid 17210
2021-06-16 02:29:13,402 INFO success: uvicorn-1 entered RUNNING state, process has stayed up for > than 1 seconds (startsecs)
2021-06-16 02:29:13,731 INFO exited: uvicorn-3 (exit status 1; not expected)
2021-06-16 02:29:14,579 INFO success: uvicorn-2 entered RUNNING state, process has stayed up for > than 1 seconds (startsecs)
2021-06-16 02:29:14,581 INFO spawned: 'uvicorn-3' with pid 17211
2021-06-16 02:29:14,878 INFO exited: uvicorn-1 (exit status 1; not expected)
2021-06-16 02:29:15,335 INFO spawned: 'uvicorn-1' with pid 17212
2021-06-16 02:29:15,545 INFO exited: uvicorn-2 (exit status 1; not expected)
2021-06-16 02:29:16,546 INFO success: uvicorn-1 entered RUNNING state, process has stayed up for > than 1 seconds (startsecs)
2021-06-16 02:29:16,549 INFO spawned: 'uvicorn-2' with pid 17215
2021-06-16 02:29:16,550 INFO success: uvicorn-3 entered RUNNING state, process has stayed up for > than 1 seconds (startsecs)
2021-06-16 02:29:17,743 INFO success: uvicorn-2 entered RUNNING state, process has stayed up for > than 1 seconds (startsecs)
2021-06-16 02:29:17,745 INFO exited: uvicorn-3 (exit status 1; not expected)
2021-06-16 02:29:18,167 INFO spawned: 'uvicorn-3' with pid 17218
2021-06-16 02:29:18,403 INFO exited: uvicorn-1 (exit status 1; not expected)
2021-06-16 02:29:18,863 INFO spawned: 'uvicorn-1' with pid 17220
2021-06-16 02:29:19,103 INFO exited: uvicorn-2 (exit status 1; not expected)
2021-06-16 02:29:19,886 INFO success: uvicorn-1 entered RUNNING state, process has stayed up for > than 1 seconds (startsecs)
2021-06-16 02:29:19,888 INFO spawned: 'uvicorn-2' with pid 17222
2021-06-16 02:29:19,889 INFO success: uvicorn-3 entered RUNNING state, process has stayed up for > than 1 seconds (startsecs)
2021-06-16 02:29:20,104 INFO exited: uvicorn-3 (exit status 1; not expected)
2021-06-16 02:29:20,548 INFO spawned: 'uvicorn-3' with pid 17223
2021-06-16 02:29:20,832 INFO exited: uvicorn-1 (exit status 1; not expected)
2021-06-16 02:29:21,757 INFO spawned: 'uvicorn-1' with pid 17224
2021-06-16 02:29:21,758 INFO success: uvicorn-2 entered RUNNING state, process has stayed up for > than 1 seconds (startsecs)
2021-06-16 02:29:21,758 INFO success: uvicorn-3 entered RUNNING state, process has stayed up for > than 1 seconds (startsecs)
2021-06-16 02:29:21,991 INFO exited: uvicorn-2 (exit status 1; not expected)
2021-06-16 02:29:22,372 INFO spawned: 'uvicorn-2' with pid 17225
2021-06-16 02:29:22,585 INFO exited: uvicorn-3 (exit status 1; not expected)
2021-06-16 02:29:23,400 INFO success: uvicorn-1 entered RUNNING state, process has stayed up for > than 1 seconds (startsecs)
2021-06-16 02:29:23,400 INFO success: uvicorn-2 entered RUNNING state, process has stayed up for > than 1 seconds (startsecs)
2021-06-16 02:29:23,408 INFO spawned: 'uvicorn-3' with pid 17226
2021-06-16 02:29:23,635 INFO exited: uvicorn-1 (exit status 1; not expected)
2021-06-16 02:29:24,098 INFO spawned: 'uvicorn-1' with pid 17227
2021-06-16 02:29:24,316 INFO exited: uvicorn-2 (exit status 1; not expected)
2021-06-16 02:29:25,221 INFO success: uvicorn-1 entered RUNNING state, process has stayed up for > than 1 seconds (startsecs)
2021-06-16 02:29:25,228 INFO spawned: 'uvicorn-2' with pid 17228
2021-06-16 02:29:25,229 INFO success: uvicorn-3 entered RUNNING state, process has stayed up for > than 1 seconds (startsecs)
2021-06-16 02:29:25,464 INFO exited: uvicorn-3 (exit status 1; not expected)
2021-06-16 02:29:25,942 INFO spawned: 'uvicorn-3' with pid 17229
2021-06-16 02:29:26,295 INFO success: uvicorn-2 entered RUNNING state, process has stayed up for > than 1 seconds (startsecs)
2021-06-16 02:29:26,296 INFO exited: uvicorn-1 (exit status 1; not expected)
2021-06-16 02:29:27,000 INFO spawned: 'uvicorn-1' with pid 17230
2021-06-16 02:29:27,001 INFO success: uvicorn-3 entered RUNNING state, process has stayed up for > than 1 seconds (startsecs)
2021-06-16 02:29:27,262 INFO exited: uvicorn-2 (exit status 1; not expected)
2021-06-16 02:29:27,626 INFO spawned: 'uvicorn-2' with pid 17231
2021-06-16 02:29:27,884 INFO exited: uvicorn-3 (exit status 1; not expected)
2021-06-16 02:29:28,728 INFO success: uvicorn-1 entered RUNNING state, process has stayed up for > than 1 seconds (startsecs)
2021-06-16 02:29:28,729 INFO success: uvicorn-2 entered RUNNING state, process has stayed up for > than 1 seconds (startsecs)
2021-06-16 02:29:28,732 INFO spawned: 'uvicorn-3' with pid 17232
2021-06-16 02:29:28,962 INFO exited: uvicorn-1 (exit status 1; not expected)
2021-06-16 02:29:29,230 INFO spawned: 'uvicorn-1' with pid 17233
2021-06-16 02:29:29,437 INFO exited: uvicorn-2 (exit status 1; not expected)
2021-06-16 02:29:30,221 INFO spawned: 'uvicorn-2' with pid 17234
2021-06-16 02:29:30,221 INFO success: uvicorn-3 entered RUNNING state, process has stayed up for > than 1 seconds (startsecs)
2021-06-16 02:29:30,443 INFO success: uvicorn-1 entered RUNNING state, process has stayed up for > than 1 seconds (startsecs)
2021-06-16 02:29:30,443 INFO exited: uvicorn-3 (exit status 1; not expected)
2021-06-16 02:29:30,704 INFO spawned: 'uvicorn-3' with pid 17235
2021-06-16 02:29:30,945 INFO exited: uvicorn-1 (exit status 1; not expected)
2021-06-16 02:29:31,760 INFO spawned: 'uvicorn-1' with pid 17236
2021-06-16 02:29:31,761 INFO success: uvicorn-2 entered RUNNING state, process has stayed up for > than 1 seconds (startsecs)
2021-06-16 02:29:31,761 INFO success: uvicorn-3 entered RUNNING state, process has stayed up for > than 1 seconds (startsecs)
2021-06-16 02:29:31,988 INFO exited: uvicorn-2 (exit status 1; not expected)
2021-06-16 02:29:32,297 INFO spawned: 'uvicorn-2' with pid 17237
2021-06-16 02:29:32,532 INFO exited: uvicorn-3 (exit status 1; not expected)
2021-06-16 02:29:33,233 INFO success: uvicorn-1 entered RUNNING state, process has stayed up for > than 1 seconds (startsecs)
2021-06-16 02:29:33,236 INFO spawned: 'uvicorn-3' with pid 17238
2021-06-16 02:29:33,484 INFO success: uvicorn-2 entered RUNNING state, process has stayed up for > than 1 seconds (startsecs)
2021-06-16 02:29:33,485 INFO exited: uvicorn-1 (exit status 1; not expected)
2021-06-16 02:29:33,822 INFO spawned: 'uvicorn-1' with pid 17239
2021-06-16 02:29:34,066 INFO exited: uvicorn-2 (exit status 1; not expected)
2021-06-16 02:29:34,984 INFO success: uvicorn-1 entered RUNNING state, process has stayed up for > than 1 seconds (startsecs)
2021-06-16 02:29:34,987 INFO spawned: 'uvicorn-2' with pid 17240
2021-06-16 02:29:34,988 INFO success: uvicorn-3 entered RUNNING state, process has stayed up for > than 1 seconds (startsecs)
2021-06-16 02:29:35,250 INFO exited: uvicorn-3 (exit status 1; not expected)
2021-06-16 02:29:35,560 INFO spawned: 'uvicorn-3' with pid 17241
2021-06-16 02:29:35,841 INFO exited: uvicorn-1 (exit status 1; not expected)
2021-06-16 02:29:36,629 INFO spawned: 'uvicorn-1' with pid 17242
2021-06-16 02:29:36,630 INFO success: uvicorn-2 entered RUNNING state, process has stayed up for > than 1 seconds (startsecs)
2021-06-16 02:29:36,630 INFO success: uvicorn-3 entered RUNNING state, process has stayed up for > than 1 seconds (startsecs)
2021-06-16 02:29:36,873 INFO exited: uvicorn-2 (exit status 1; not expected)
2021-06-16 02:29:37,146 INFO spawned: 'uvicorn-2' with pid 17243
2021-06-16 02:29:37,384 INFO exited: uvicorn-3 (exit status 1; not expected)
2021-06-16 02:29:38,203 INFO success: uvicorn-1 entered RUNNING state, process has stayed up for > than 1 seconds (startsecs)
2021-06-16 02:29:38,203 INFO success: uvicorn-2 entered RUNNING state, process has stayed up for > than 1 seconds (startsecs)
2021-06-16 02:29:38,209 INFO spawned: 'uvicorn-3' with pid 17244
2021-06-16 02:29:38,505 INFO exited: uvicorn-1 (exit status 1; not expected)
2021-06-16 02:29:38,769 INFO spawned: 'uvicorn-1' with pid 17245
2021-06-16 02:29:39,037 INFO exited: uvicorn-2 (exit status 1; not expected)
2021-06-16 02:29:39,833 INFO success: uvicorn-1 entered RUNNING state, process has stayed up for > than 1 seconds (startsecs)
2021-06-16 02:29:39,836 INFO spawned: 'uvicorn-2' with pid 17246
2021-06-16 02:29:39,836 INFO success: uvicorn-3 entered RUNNING state, process has stayed up for > than 1 seconds (startsecs)
2021-06-16 02:29:40,190 INFO exited: uvicorn-3 (exit status 1; not expected)
2021-06-16 02:29:40,427 INFO spawned: 'uvicorn-3' with pid 17247
2021-06-16 02:29:40,641 INFO exited: uvicorn-1 (exit status 1; not expected)
2021-06-16 02:29:41,614 INFO spawned: 'uvicorn-1' with pid 17248
2021-06-16 02:29:41,621 INFO success: uvicorn-2 entered RUNNING state, process has stayed up for > than 1 seconds (startsecs)
2021-06-16 02:29:41,621 INFO success: uvicorn-3 entered RUNNING state, process has stayed up for > than 1 seconds (startsecs)
2021-06-16 02:29:41,933 INFO exited: uvicorn-2 (exit status 1; not expected)
2021-06-16 02:29:42,229 INFO spawned: 'uvicorn-2' with pid 17249
2021-06-16 02:29:42,478 INFO exited: uvicorn-3 (exit status 1; not expected)
2021-06-16 02:29:43,479 INFO success: uvicorn-1 entered RUNNING state, process has stayed up for > than 1 seconds (startsecs)
2021-06-16 02:29:43,479 INFO success: uvicorn-2 entered RUNNING state, process has stayed up for > than 1 seconds (startsecs)
2021-06-16 02:29:43,484 INFO spawned: 'uvicorn-3' with pid 17252
2021-06-16 02:29:44,490 INFO success: uvicorn-3 entered RUNNING state, process has stayed up for > than 1 seconds (startsecs)
2021-06-16 02:29:44,894 INFO exited: uvicorn-1 (exit status 1; not expected)
2021-06-16 02:29:45,066 INFO spawned: 'uvicorn-1' with pid 17255
2021-06-16 02:29:45,299 INFO exited: uvicorn-2 (exit status 1; not expected)
2021-06-16 02:29:45,634 INFO spawned: 'uvicorn-2' with pid 17256
2021-06-16 02:29:45,894 INFO exited: uvicorn-3 (exit status 1; not expected)
2021-06-16 02:29:45,894 WARN received SIGINT indicating exit request
2021-06-16 02:29:45,895 INFO waiting for uvicorn-0, uvicorn-1, uvicorn-2 to die
2021-06-16 02:29:45,903 INFO stopped: uvicorn-2 (terminated by SIGTERM)
2021-06-16 02:29:45,903 INFO stopped: uvicorn-1 (terminated by SIGTERM)
2021-06-16 02:29:46,176 INFO stopped: uvicorn-0 (exit status 0)
2021-06-16 02:29:46,176 INFO Closing socket tcp://localhost:8000
2021-06-16 12:40:54,625 INFO Creating socket tcp://localhost:8000
2021-06-16 12:40:54,632 INFO Closing socket tcp://localhost:8000
2021-06-16 12:40:54,632 INFO supervisord started with pid 17843
2021-06-16 12:40:55,633 INFO Creating socket tcp://localhost:8000
2021-06-16 12:40:55,638 INFO spawned: 'uvicorn-0' with pid 17844
2021-06-16 12:40:55,645 INFO spawned: 'uvicorn-1' with pid 17845
2021-06-16 12:40:55,650 INFO spawned: 'uvicorn-2' with pid 17846
2021-06-16 12:40:55,658 INFO spawned: 'uvicorn-3' with pid 17847
2021-06-16 12:40:56,661 INFO success: uvicorn-0 entered RUNNING state, process has stayed up for > than 1 seconds (startsecs)
2021-06-16 12:40:56,663 INFO success: uvicorn-1 entered RUNNING state, process has stayed up for > than 1 seconds (startsecs)
2021-06-16 12:40:56,663 INFO success: uvicorn-2 entered RUNNING state, process has stayed up for > than 1 seconds (startsecs)
2021-06-16 12:40:56,663 INFO success: uvicorn-3 entered RUNNING state, process has stayed up for > than 1 seconds (startsecs)
2021-06-16 12:40:59,082 INFO exited: uvicorn-0 (exit status 1; not expected)
2021-06-16 12:40:59,095 INFO spawned: 'uvicorn-0' with pid 17848
2021-06-16 12:40:59,096 INFO exited: uvicorn-3 (exit status 1; not expected)
2021-06-16 12:40:59,096 INFO exited: uvicorn-2 (exit status 1; not expected)
2021-06-16 12:41:00,070 INFO spawned: 'uvicorn-2' with pid 17849
2021-06-16 12:41:00,076 INFO spawned: 'uvicorn-3' with pid 17850
2021-06-16 12:41:00,267 INFO success: uvicorn-0 entered RUNNING state, process has stayed up for > than 1 seconds (startsecs)
2021-06-16 12:41:00,268 INFO exited: uvicorn-0 (exit status 1; not expected)
2021-06-16 12:41:01,273 INFO spawned: 'uvicorn-0' with pid 17851
2021-06-16 12:41:01,274 INFO success: uvicorn-2 entered RUNNING state, process has stayed up for > than 1 seconds (startsecs)
2021-06-16 12:41:01,274 INFO success: uvicorn-3 entered RUNNING state, process has stayed up for > than 1 seconds (startsecs)
2021-06-16 12:41:01,513 INFO exited: uvicorn-2 (exit status 1; not expected)
2021-06-16 12:41:01,520 INFO spawned: 'uvicorn-2' with pid 17852
2021-06-16 12:41:01,521 INFO exited: uvicorn-3 (exit status 1; not expected)
2021-06-16 12:41:02,524 INFO success: uvicorn-0 entered RUNNING state, process has stayed up for > than 1 seconds (startsecs)
2021-06-16 12:41:02,524 INFO success: uvicorn-2 entered RUNNING state, process has stayed up for > than 1 seconds (startsecs)
2021-06-16 12:41:02,527 INFO spawned: 'uvicorn-3' with pid 17853
2021-06-16 12:41:02,856 INFO exited: uvicorn-0 (exit status 1; not expected)
2021-06-16 12:41:03,010 INFO spawned: 'uvicorn-0' with pid 17854
2021-06-16 12:41:03,011 INFO exited: uvicorn-2 (exit status 1; not expected)
2021-06-16 12:41:03,850 INFO spawned: 'uvicorn-2' with pid 17855
2021-06-16 12:41:03,851 INFO success: uvicorn-3 entered RUNNING state, process has stayed up for > than 1 seconds (startsecs)
2021-06-16 12:41:04,049 INFO success: uvicorn-0 entered RUNNING state, process has stayed up for > than 1 seconds (startsecs)
2021-06-16 12:41:04,049 INFO exited: uvicorn-3 (exit status 1; not expected)
2021-06-16 12:41:04,267 INFO spawned: 'uvicorn-3' with pid 17856
2021-06-16 12:41:04,477 INFO exited: uvicorn-0 (exit status 1; not expected)
2021-06-16 12:41:05,212 INFO spawned: 'uvicorn-0' with pid 17857
2021-06-16 12:41:05,213 INFO success: uvicorn-2 entered RUNNING state, process has stayed up for > than 1 seconds (startsecs)
2021-06-16 12:41:05,433 INFO success: uvicorn-3 entered RUNNING state, process has stayed up for > than 1 seconds (startsecs)
2021-06-16 12:41:05,433 INFO exited: uvicorn-2 (exit status 1; not expected)
2021-06-16 12:41:05,605 INFO spawned: 'uvicorn-2' with pid 17858
2021-06-16 12:41:05,838 INFO exited: uvicorn-3 (exit status 1; not expected)
2021-06-16 12:41:06,578 INFO success: uvicorn-0 entered RUNNING state, process has stayed up for > than 1 seconds (startsecs)
2021-06-16 12:41:06,581 INFO spawned: 'uvicorn-3' with pid 17859
2021-06-16 12:41:06,808 INFO success: uvicorn-2 entered RUNNING state, process has stayed up for > than 1 seconds (startsecs)
2021-06-16 12:41:06,808 INFO exited: uvicorn-0 (exit status 1; not expected)
2021-06-16 12:41:06,944 INFO spawned: 'uvicorn-0' with pid 17860
2021-06-16 12:41:07,146 INFO exited: uvicorn-2 (exit status 1; not expected)
2021-06-16 12:41:07,927 INFO spawned: 'uvicorn-2' with pid 17861
2021-06-16 12:41:07,929 INFO success: uvicorn-3 entered RUNNING state, process has stayed up for > than 1 seconds (startsecs)
2021-06-16 12:41:08,143 INFO success: uvicorn-0 entered RUNNING state, process has stayed up for > than 1 seconds (startsecs)
2021-06-16 12:41:08,143 INFO exited: uvicorn-3 (exit status 1; not expected)
2021-06-16 12:41:08,293 INFO spawned: 'uvicorn-3' with pid 17862
2021-06-16 12:41:08,519 INFO exited: uvicorn-0 (exit status 1; not expected)
2021-06-16 12:41:09,401 INFO spawned: 'uvicorn-0' with pid 17863
2021-06-16 12:41:09,402 INFO success: uvicorn-2 entered RUNNING state, process has stayed up for > than 1 seconds (startsecs)
2021-06-16 12:41:09,402 INFO success: uvicorn-3 entered RUNNING state, process has stayed up for > than 1 seconds (startsecs)
2021-06-16 12:41:09,684 INFO exited: uvicorn-2 (exit status 1; not expected)
2021-06-16 12:41:09,974 INFO spawned: 'uvicorn-2' with pid 17864
2021-06-16 12:41:10,207 INFO exited: uvicorn-3 (exit status 1; not expected)
2021-06-16 12:41:11,133 INFO success: uvicorn-0 entered RUNNING state, process has stayed up for > than 1 seconds (startsecs)
2021-06-16 12:41:11,133 INFO success: uvicorn-2 entered RUNNING state, process has stayed up for > than 1 seconds (startsecs)
2021-06-16 12:41:11,135 INFO spawned: 'uvicorn-3' with pid 17865
2021-06-16 12:41:11,401 INFO exited: uvicorn-0 (exit status 1; not expected)
2021-06-16 12:41:11,524 INFO spawned: 'uvicorn-0' with pid 17866
2021-06-16 12:41:11,751 INFO exited: uvicorn-2 (exit status 1; not expected)
2021-06-16 12:41:12,593 INFO success: uvicorn-0 entered RUNNING state, process has stayed up for > than 1 seconds (startsecs)
2021-06-16 12:41:12,596 INFO spawned: 'uvicorn-2' with pid 17867
2021-06-16 12:41:12,596 INFO success: uvicorn-3 entered RUNNING state, process has stayed up for > than 1 seconds (startsecs)
2021-06-16 12:41:12,815 INFO exited: uvicorn-3 (exit status 1; not expected)
2021-06-16 12:41:12,910 INFO spawned: 'uvicorn-3' with pid 17868
2021-06-16 12:41:13,128 INFO exited: uvicorn-0 (exit status 1; not expected)
2021-06-16 12:41:14,098 INFO spawned: 'uvicorn-0' with pid 17869
2021-06-16 12:41:14,098 INFO success: uvicorn-2 entered RUNNING state, process has stayed up for > than 1 seconds (startsecs)
2021-06-16 12:41:14,099 INFO success: uvicorn-3 entered RUNNING state, process has stayed up for > than 1 seconds (startsecs)
2021-06-16 12:41:14,300 INFO exited: uvicorn-2 (exit status 1; not expected)
2021-06-16 12:41:14,385 INFO spawned: 'uvicorn-2' with pid 17870
2021-06-16 12:41:14,596 INFO exited: uvicorn-3 (exit status 1; not expected)
2021-06-16 12:41:15,461 INFO success: uvicorn-0 entered RUNNING state, process has stayed up for > than 1 seconds (startsecs)
2021-06-16 12:41:15,461 INFO success: uvicorn-2 entered RUNNING state, process has stayed up for > than 1 seconds (startsecs)
2021-06-16 12:41:15,464 INFO spawned: 'uvicorn-3' with pid 17871
2021-06-16 12:41:15,681 INFO exited: uvicorn-0 (exit status 1; not expected)
2021-06-16 12:41:15,762 INFO spawned: 'uvicorn-0' with pid 17872
2021-06-16 12:41:15,990 INFO exited: uvicorn-2 (exit status 1; not expected)
2021-06-16 12:41:16,910 INFO success: uvicorn-0 entered RUNNING state, process has stayed up for > than 1 seconds (startsecs)
2021-06-16 12:41:16,913 INFO spawned: 'uvicorn-2' with pid 17873
2021-06-16 12:41:16,913 INFO success: uvicorn-3 entered RUNNING state, process has stayed up for > than 1 seconds (startsecs)
2021-06-16 12:41:17,126 INFO exited: uvicorn-3 (exit status 1; not expected)
2021-06-16 12:41:17,153 INFO spawned: 'uvicorn-3' with pid 17874
2021-06-16 12:41:17,369 INFO exited: uvicorn-0 (exit status 1; not expected)
2021-06-16 12:41:18,373 INFO spawned: 'uvicorn-0' with pid 17875
2021-06-16 12:41:18,374 INFO success: uvicorn-2 entered RUNNING state, process has stayed up for > than 1 seconds (startsecs)
2021-06-16 12:41:18,374 INFO success: uvicorn-3 entered RUNNING state, process has stayed up for > than 1 seconds (startsecs)
2021-06-16 12:41:18,604 INFO exited: uvicorn-2 (exit status 1; not expected)
2021-06-16 12:41:18,632 INFO spawned: 'uvicorn-2' with pid 17876
2021-06-16 12:41:18,845 INFO exited: uvicorn-3 (exit status 1; not expected)
2021-06-16 12:41:19,711 INFO success: uvicorn-0 entered RUNNING state, process has stayed up for > than 1 seconds (startsecs)
2021-06-16 12:41:19,711 INFO success: uvicorn-2 entered RUNNING state, process has stayed up for > than 1 seconds (startsecs)
2021-06-16 12:41:19,714 INFO spawned: 'uvicorn-3' with pid 17877
2021-06-16 12:41:19,971 INFO exited: uvicorn-0 (exit status 1; not expected)
2021-06-16 12:41:19,996 INFO spawned: 'uvicorn-0' with pid 17878
2021-06-16 12:41:20,380 INFO exited: uvicorn-2 (exit status 1; not expected)
2021-06-16 12:41:21,384 INFO success: uvicorn-0 entered RUNNING state, process has stayed up for > than 1 seconds (startsecs)
2021-06-16 12:41:21,391 INFO spawned: 'uvicorn-2' with pid 17879
2021-06-16 12:41:21,392 INFO success: uvicorn-3 entered RUNNING state, process has stayed up for > than 1 seconds (startsecs)
2021-06-16 12:41:21,746 INFO exited: uvicorn-3 (exit status 1; not expected)
2021-06-16 12:41:21,922 INFO spawned: 'uvicorn-3' with pid 17880
2021-06-16 12:41:21,923 INFO exited: uvicorn-0 (exit status 1; not expected)
2021-06-16 12:41:22,814 INFO spawned: 'uvicorn-0' with pid 17881
2021-06-16 12:41:22,815 INFO success: uvicorn-2 entered RUNNING state, process has stayed up for > than 1 seconds (startsecs)
2021-06-16 12:41:23,038 INFO success: uvicorn-3 entered RUNNING state, process has stayed up for > than 1 seconds (startsecs)
2021-06-16 12:41:23,039 INFO exited: uvicorn-2 (exit status 1; not expected)
2021-06-16 12:41:23,324 INFO spawned: 'uvicorn-2' with pid 17882
2021-06-16 12:41:23,606 INFO exited: uvicorn-3 (exit status 1; not expected)
2021-06-16 12:41:24,463 INFO success: uvicorn-0 entered RUNNING state, process has stayed up for > than 1 seconds (startsecs)
2021-06-16 12:41:24,464 INFO success: uvicorn-2 entered RUNNING state, process has stayed up for > than 1 seconds (startsecs)
2021-06-16 12:41:24,467 INFO spawned: 'uvicorn-3' with pid 17883
2021-06-16 12:41:24,761 INFO exited: uvicorn-0 (exit status 1; not expected)
2021-06-16 12:41:24,990 INFO spawned: 'uvicorn-0' with pid 17884
2021-06-16 12:41:25,548 INFO success: uvicorn-3 entered RUNNING state, process has stayed up for > than 1 seconds (startsecs)
2021-06-16 12:41:25,549 INFO exited: uvicorn-2 (exit status 1; not expected)
2021-06-16 12:41:26,550 INFO success: uvicorn-0 entered RUNNING state, process has stayed up for > than 1 seconds (startsecs)
2021-06-16 12:41:26,563 INFO spawned: 'uvicorn-2' with pid 17889
2021-06-16 12:41:27,015 INFO exited: uvicorn-3 (exit status 1; not expected)
2021-06-16 12:41:27,219 INFO spawned: 'uvicorn-3' with pid 17890
2021-06-16 12:41:27,424 INFO exited: uvicorn-0 (exit status 1; not expected)
2021-06-16 12:41:28,097 INFO spawned: 'uvicorn-0' with pid 17892
2021-06-16 12:41:28,098 INFO success: uvicorn-2 entered RUNNING state, process has stayed up for > than 1 seconds (startsecs)
2021-06-16 12:41:28,299 INFO success: uvicorn-3 entered RUNNING state, process has stayed up for > than 1 seconds (startsecs)
2021-06-16 12:41:28,300 INFO exited: uvicorn-2 (exit status 1; not expected)
2021-06-16 12:41:28,731 INFO spawned: 'uvicorn-2' with pid 17893
2021-06-16 12:41:29,012 INFO exited: uvicorn-3 (exit status 1; not expected)
2021-06-16 12:41:29,667 INFO success: uvicorn-0 entered RUNNING state, process has stayed up for > than 1 seconds (startsecs)
2021-06-16 12:41:29,671 INFO spawned: 'uvicorn-3' with pid 17894
2021-06-16 12:41:29,887 INFO success: uvicorn-2 entered RUNNING state, process has stayed up for > than 1 seconds (startsecs)
2021-06-16 12:41:29,888 INFO exited: uvicorn-0 (exit status 1; not expected)
2021-06-16 12:41:30,350 INFO spawned: 'uvicorn-0' with pid 17895
2021-06-16 12:41:30,614 INFO exited: uvicorn-2 (exit status 1; not expected)
2021-06-16 12:41:31,249 INFO spawned: 'uvicorn-2' with pid 17896
2021-06-16 12:41:31,249 INFO success: uvicorn-3 entered RUNNING state, process has stayed up for > than 1 seconds (startsecs)
2021-06-16 12:41:31,477 INFO success: uvicorn-0 entered RUNNING state, process has stayed up for > than 1 seconds (startsecs)
2021-06-16 12:41:31,478 INFO exited: uvicorn-3 (exit status 1; not expected)
2021-06-16 12:41:31,923 INFO spawned: 'uvicorn-3' with pid 17897
2021-06-16 12:41:32,157 INFO exited: uvicorn-0 (exit status 1; not expected)
2021-06-16 12:41:32,784 INFO spawned: 'uvicorn-0' with pid 17898
2021-06-16 12:41:32,784 INFO success: uvicorn-2 entered RUNNING state, process has stayed up for > than 1 seconds (startsecs)
2021-06-16 12:41:33,207 INFO success: uvicorn-3 entered RUNNING state, process has stayed up for > than 1 seconds (startsecs)
2021-06-16 12:41:33,207 INFO exited: uvicorn-2 (exit status 1; not expected)
2021-06-16 12:41:33,834 INFO success: uvicorn-0 entered RUNNING state, process has stayed up for > than 1 seconds (startsecs)
2021-06-16 12:41:33,837 INFO spawned: 'uvicorn-2' with pid 17899
2021-06-16 12:41:34,112 INFO exited: uvicorn-3 (exit status 1; not expected)
2021-06-16 12:41:34,927 INFO success: uvicorn-2 entered RUNNING state, process has stayed up for > than 1 seconds (startsecs)
2021-06-16 12:41:34,930 INFO spawned: 'uvicorn-3' with pid 17900
2021-06-16 12:41:35,185 INFO exited: uvicorn-0 (exit status 1; not expected)
2021-06-16 12:41:35,676 INFO spawned: 'uvicorn-0' with pid 17901
2021-06-16 12:41:35,926 INFO exited: uvicorn-2 (exit status 1; not expected)
2021-06-16 12:41:36,608 INFO spawned: 'uvicorn-2' with pid 17902
2021-06-16 12:41:36,609 INFO success: uvicorn-3 entered RUNNING state, process has stayed up for > than 1 seconds (startsecs)
2021-06-16 12:41:36,816 INFO success: uvicorn-0 entered RUNNING state, process has stayed up for > than 1 seconds (startsecs)
2021-06-16 12:41:36,817 INFO exited: uvicorn-3 (exit status 1; not expected)
2021-06-16 12:41:37,226 INFO spawned: 'uvicorn-3' with pid 17903
2021-06-16 12:41:37,450 INFO exited: uvicorn-0 (exit status 1; not expected)
2021-06-16 12:41:38,110 INFO spawned: 'uvicorn-0' with pid 17904
2021-06-16 12:41:38,112 INFO success: uvicorn-2 entered RUNNING state, process has stayed up for > than 1 seconds (startsecs)
2021-06-16 12:41:38,337 INFO success: uvicorn-3 entered RUNNING state, process has stayed up for > than 1 seconds (startsecs)
2021-06-16 12:41:38,338 INFO exited: uvicorn-2 (exit status 1; not expected)
2021-06-16 12:41:38,765 INFO spawned: 'uvicorn-2' with pid 17905
2021-06-16 12:41:39,096 INFO exited: uvicorn-3 (exit status 1; not expected)
2021-06-16 12:41:39,830 INFO success: uvicorn-0 entered RUNNING state, process has stayed up for > than 1 seconds (startsecs)
2021-06-16 12:41:39,830 INFO success: uvicorn-2 entered RUNNING state, process has stayed up for > than 1 seconds (startsecs)
2021-06-16 12:41:39,832 INFO spawned: 'uvicorn-3' with pid 17906
2021-06-16 12:41:40,062 INFO exited: uvicorn-0 (exit status 1; not expected)
2021-06-16 12:41:40,488 INFO spawned: 'uvicorn-0' with pid 17907
2021-06-16 12:41:40,710 INFO exited: uvicorn-2 (exit status 1; not expected)
2021-06-16 12:41:41,402 INFO spawned: 'uvicorn-2' with pid 17908
2021-06-16 12:41:41,403 INFO success: uvicorn-3 entered RUNNING state, process has stayed up for > than 1 seconds (startsecs)
2021-06-16 12:41:41,685 INFO success: uvicorn-0 entered RUNNING state, process has stayed up for > than 1 seconds (startsecs)
2021-06-16 12:41:41,685 INFO exited: uvicorn-3 (exit status 1; not expected)
2021-06-16 12:41:42,222 INFO spawned: 'uvicorn-3' with pid 17909
2021-06-16 12:41:42,511 INFO success: uvicorn-2 entered RUNNING state, process has stayed up for > than 1 seconds (startsecs)
2021-06-16 12:41:42,511 INFO exited: uvicorn-0 (exit status 1; not expected)
2021-06-16 12:41:43,166 INFO spawned: 'uvicorn-0' with pid 17910
2021-06-16 12:41:43,392 INFO success: uvicorn-3 entered RUNNING state, process has stayed up for > than 1 seconds (startsecs)
2021-06-16 12:41:43,392 INFO exited: uvicorn-2 (exit status 1; not expected)
2021-06-16 12:41:43,876 INFO spawned: 'uvicorn-2' with pid 17911
2021-06-16 12:41:44,123 INFO exited: uvicorn-3 (exit status 1; not expected)
2021-06-16 12:41:44,968 INFO success: uvicorn-0 entered RUNNING state, process has stayed up for > than 1 seconds (startsecs)
2021-06-16 12:41:44,969 INFO success: uvicorn-2 entered RUNNING state, process has stayed up for > than 1 seconds (startsecs)
2021-06-16 12:41:44,972 INFO spawned: 'uvicorn-3' with pid 17912
2021-06-16 12:41:45,246 INFO exited: uvicorn-0 (exit status 1; not expected)
2021-06-16 12:41:45,652 INFO spawned: 'uvicorn-0' with pid 17913
2021-06-16 12:41:45,881 INFO exited: uvicorn-2 (exit status 1; not expected)
2021-06-16 12:41:46,604 INFO spawned: 'uvicorn-2' with pid 17915
2021-06-16 12:41:46,604 INFO success: uvicorn-3 entered RUNNING state, process has stayed up for > than 1 seconds (startsecs)
2021-06-16 12:41:46,818 INFO success: uvicorn-0 entered RUNNING state, process has stayed up for > than 1 seconds (startsecs)
2021-06-16 12:41:46,818 INFO exited: uvicorn-3 (exit status 1; not expected)
2021-06-16 12:41:47,242 INFO spawned: 'uvicorn-3' with pid 17916
2021-06-16 12:41:47,463 INFO exited: uvicorn-0 (exit status 1; not expected)
2021-06-16 12:41:48,162 INFO spawned: 'uvicorn-0' with pid 17917
2021-06-16 12:41:48,163 INFO success: uvicorn-2 entered RUNNING state, process has stayed up for > than 1 seconds (startsecs)
2021-06-16 12:41:48,394 INFO success: uvicorn-3 entered RUNNING state, process has stayed up for > than 1 seconds (startsecs)
2021-06-16 12:41:48,394 INFO exited: uvicorn-2 (exit status 1; not expected)
2021-06-16 12:41:48,779 INFO spawned: 'uvicorn-2' with pid 17918
2021-06-16 12:41:48,988 INFO exited: uvicorn-3 (exit status 1; not expected)
2021-06-16 12:41:49,601 INFO success: uvicorn-0 entered RUNNING state, process has stayed up for > than 1 seconds (startsecs)
2021-06-16 12:41:49,603 INFO spawned: 'uvicorn-3' with pid 17919
2021-06-16 12:41:49,826 INFO success: uvicorn-2 entered RUNNING state, process has stayed up for > than 1 seconds (startsecs)
2021-06-16 12:41:49,826 INFO exited: uvicorn-0 (exit status 1; not expected)
2021-06-16 12:41:50,456 INFO spawned: 'uvicorn-0' with pid 17921
2021-06-16 12:41:50,692 INFO success: uvicorn-3 entered RUNNING state, process has stayed up for > than 1 seconds (startsecs)
2021-06-16 12:41:50,693 INFO exited: uvicorn-2 (exit status 1; not expected)
2021-06-16 12:41:51,694 INFO success: uvicorn-0 entered RUNNING state, process has stayed up for > than 1 seconds (startsecs)
2021-06-16 12:41:51,697 INFO spawned: 'uvicorn-2' with pid 17922
2021-06-16 12:41:52,186 INFO exited: uvicorn-3 (exit status 1; not expected)
2021-06-16 12:41:52,781 INFO success: uvicorn-2 entered RUNNING state, process has stayed up for > than 1 seconds (startsecs)
2021-06-16 12:41:52,784 INFO spawned: 'uvicorn-3' with pid 17923
2021-06-16 12:41:53,056 INFO exited: uvicorn-0 (exit status 1; not expected)
2021-06-16 12:41:53,561 INFO spawned: 'uvicorn-0' with pid 17924
2021-06-16 12:41:53,776 INFO exited: uvicorn-2 (exit status 1; not expected)
2021-06-16 12:41:54,260 INFO spawned: 'uvicorn-2' with pid 17925
2021-06-16 12:41:54,261 INFO success: uvicorn-3 entered RUNNING state, process has stayed up for > than 1 seconds (startsecs)
2021-06-16 12:41:54,262 WARN received SIGINT indicating exit request
2021-06-16 12:41:54,262 INFO waiting for uvicorn-0, uvicorn-1, uvicorn-2, uvicorn-3 to die
2021-06-16 12:41:54,270 INFO stopped: uvicorn-0 (terminated by SIGTERM)
2021-06-16 12:41:54,481 INFO stopped: uvicorn-3 (exit status 1)
2021-06-16 12:41:54,606 INFO stopped: uvicorn-1 (exit status 0)
2021-06-16 12:41:57,572 INFO waiting for uvicorn-2 to die
2021-06-16 12:42:00,589 INFO waiting for uvicorn-2 to die
2021-06-16 12:42:03,600 WARN received SIGINT indicating exit request
2021-06-16 12:42:03,601 INFO waiting for uvicorn-2 to die
2021-06-16 12:42:04,604 WARN killing 'uvicorn-2' (17925) with SIGKILL
2021-06-16 12:42:04,619 INFO stopped: uvicorn-2 (terminated by SIGKILL)
2021-06-16 12:42:04,619 INFO Closing socket tcp://localhost:8000
